TN:
SF:src\DataEngine.ts
FN:13,(anonymous_0)
FN:21,(anonymous_1)
FN:22,(anonymous_2)
FN:35,(anonymous_3)
FN:56,(anonymous_4)
FN:60,(anonymous_5)
FN:64,(anonymous_6)
FN:69,(anonymous_7)
FN:73,(anonymous_8)
FN:83,(anonymous_9)
FN:88,(anonymous_10)
FN:94,(anonymous_11)
FNF:12
FNH:8
FNDA:10,(anonymous_0)
FNDA:16,(anonymous_1)
FNDA:16,(anonymous_2)
FNDA:1035,(anonymous_3)
FNDA:0,(anonymous_4)
FNDA:1,(anonymous_5)
FNDA:0,(anonymous_6)
FNDA:23,(anonymous_7)
FNDA:15,(anonymous_8)
FNDA:0,(anonymous_9)
FNDA:0,(anonymous_10)
FNDA:5,(anonymous_11)
DA:2,2
DA:3,2
DA:4,2
DA:5,2
DA:6,2
DA:8,2
DA:11,10
DA:14,10
DA:15,10
DA:18,10
DA:22,16
DA:23,16
DA:25,16
DA:33,16
DA:36,1035
DA:38,1035
DA:39,0
DA:40,0
DA:42,1035
DA:44,0
DA:50,16
DA:56,16
DA:57,0
DA:60,16
DA:61,1
DA:64,16
DA:65,0
DA:69,16
DA:70,23
DA:73,16
DA:74,15
DA:78,0
DA:84,0
DA:85,0
DA:89,0
DA:90,0
DA:95,5
LF:37
LH:27
BRDA:38,0,0,0
BRDA:38,1,0,1035
BRDA:38,1,1,1035
BRDA:44,2,0,0
BRDA:44,2,1,0
BRDA:57,3,0,0
BRDA:57,3,1,0
BRDA:61,4,0,1
BRDA:61,4,1,0
BRDA:65,5,0,0
BRDA:65,5,1,0
BRDA:78,6,0,0
BRDA:78,6,1,0
BRDA:89,7,0,0
BRF:14
BRH:3
end_of_record
TN:
SF:src\aggregators\WindowAggregator.ts
FN:11,(anonymous_0)
FN:20,(anonymous_1)
FN:25,(anonymous_2)
FN:37,(anonymous_3)
FN:56,(anonymous_4)
FN:76,(anonymous_5)
FN:19,(anonymous_1)
FN:23,(anonymous_2)
FN:35,(anonymous_3)
FN:54,(anonymous_4)
FN:74,(anonymous_5)
FNF:11
FNH:8
FNDA:16,(anonymous_0)
FNDA:98,(anonymous_1)
FNDA:0,(anonymous_2)
FNDA:98,(anonymous_3)
FNDA:0,(anonymous_4)
FNDA:0,(anonymous_5)
FNDA:25,(anonymous_1)
FNDA:47,(anonymous_2)
FNDA:24,(anonymous_3)
FNDA:46,(anonymous_4)
FNDA:25,(anonymous_5)
DA:1,3
DA:4,1
DA:12,15
DA:13,15
DA:14,15
DA:15,15
DA:16,15
DA:17,15
DA:19,14
DA:20,25
DA:21,98
DA:25,47
DA:26,47
DA:27,47
DA:29,25
DA:30,47
DA:31,0
DA:32,47
DA:34,0
DA:37,24
DA:38,98
DA:39,122
DA:41,154
DA:42,24
DA:43,56
DA:44,24
DA:45,144
DA:47,144
DA:48,0
DA:56,46
DA:57,46
DA:59,50
DA:60,103
DA:61,93
DA:62,50
DA:63,103
DA:64,46
DA:66,46
DA:68,46
DA:69,93
DA:70,0
DA:71,46
DA:73,0
DA:76,25
DA:77,25
DA:78,25
DA:80,60
DA:81,1
DA:82,25
DA:86,2
LF:50
LH:45
BRDA:29,0,0,0
BRDA:42,1,0,0
BRDA:61,2,0,0
BRDA:81,3,0,0
BRDA:27,4,0,25
BRDA:41,5,0,10
BRDA:60,6,0,93
BRDA:80,7,0,1
BRF:8
BRH:4
end_of_record
TN:
SF:src\processors\StreamProcessor.ts
FN:8,(anonymous_0)
FN:13,(anonymous_1)
FN:27,(anonymous_2)
FN:34,(anonymous_3)
FNF:4
FNH:4
FNDA:14,(anonymous_0)
FNDA:11039,(anonymous_1)
FNDA:12,(anonymous_2)
FNDA:5021,(anonymous_3)
DA:1,3
DA:4,3
DA:5,14
DA:9,14
DA:10,14
DA:14,11039
DA:15,11039
DA:17,11039
DA:18,5014
DA:21,11039
DA:23,0
DA:28,12
DA:29,7
DA:31,12
DA:35,5021
DA:36,5021
DA:41,5021
LF:17
LH:16
BRDA:17,0,0,5014
BRDA:28,1,0,7
BRF:2
BRH:2
end_of_record
TN:
SF:src\routes\index.ts
FN:11,(anonymous_1)
FN:14,(anonymous_2)
FN:28,(anonymous_3)
FN:53,(anonymous_4)
FNF:4
FNH:2
FNDA:0,(anonymous_1)
FNDA:0,(anonymous_2)
FNDA:1,(anonymous_3)
FNDA:2,(anonymous_4)
DA:1,1
DA:2,1
DA:3,1
DA:5,1
DA:8,1
DA:10,1
DA:12,0
DA:15,0
DA:19,1
DA:21,1
DA:28,1
DA:29,1
DA:30,1
DA:31,1
DA:37,0
DA:39,0
DA:44,0
DA:45,0
DA:53,1
DA:54,2
DA:55,2
DA:58,1
LF:22
LH:16
BRDA:30,0,0,1
BRF:1
BRH:1
end_of_record
